Determining if the pthread_create exist failed with the following output:
Change Dir: /home/servidor/turtlebot-vision/vision_ws/build/CMakeFiles/CMakeTmp

Run Build Command:"/usr/bin/make" "cmTC_e3e5c/fast"
/usr/bin/make -f CMakeFiles/cmTC_e3e5c.dir/build.make CMakeFiles/cmTC_e3e5c.dir/build
make[1]: Entering directory '/home/servidor/turtlebot-vision/vision_ws/build/CMakeFiles/CMakeTmp'
Building C object CMakeFiles/cmTC_e3e5c.dir/CheckSymbolExists.c.o
/usr/bin/cc     -o CMakeFiles/cmTC_e3e5c.dir/CheckSymbolExists.c.o   -c /home/servidor/turtlebot-vision/vision_ws/build/CMakeFiles/CMakeTmp/CheckSymbolExists.c
Linking C executable cmTC_e3e5c
/usr/bin/cmake -E cmake_link_script CMakeFiles/cmTC_e3e5c.dir/link.txt --verbose=1
/usr/bin/cc       CMakeFiles/cmTC_e3e5c.dir/CheckSymbolExists.c.o  -o cmTC_e3e5c -rdynamic 
CMakeFiles/cmTC_e3e5c.dir/CheckSymbolExists.c.o: In function `main':
CheckSymbolExists.c:(.text+0x16): undefined reference to `pthread_create'
collect2: error: ld returned 1 exit status
CMakeFiles/cmTC_e3e5c.dir/build.make:97: recipe for target 'cmTC_e3e5c' failed
make[1]: *** [cmTC_e3e5c] Error 1
make[1]: Leaving directory '/home/servidor/turtlebot-vision/vision_ws/build/CMakeFiles/CMakeTmp'
Makefile:126: recipe for target 'cmTC_e3e5c/fast' failed
make: *** [cmTC_e3e5c/fast] Error 2

File /home/servidor/turtlebot-vision/vision_ws/build/CMakeFiles/CMakeTmp/CheckSymbolExists.c:
/* */
#include <pthread.h>

int main(int argc, char** argv)
{
  (void)argv;
#ifndef pthread_create
  return ((int*)(&pthread_create))[argc];
#else
  (void)argc;
  return 0;
#endif
}

Determining if the function pthread_create exists in the pthreads failed with the following output:
Change Dir: /home/servidor/turtlebot-vision/vision_ws/build/CMakeFiles/CMakeTmp

Run Build Command:"/usr/bin/make" "cmTC_6b15e/fast"
/usr/bin/make -f CMakeFiles/cmTC_6b15e.dir/build.make CMakeFiles/cmTC_6b15e.dir/build
make[1]: Entering directory '/home/servidor/turtlebot-vision/vision_ws/build/CMakeFiles/CMakeTmp'
Building C object CMakeFiles/cmTC_6b15e.dir/CheckFunctionExists.c.o
/usr/bin/cc    -DCHECK_FUNCTION_EXISTS=pthread_create   -o CMakeFiles/cmTC_6b15e.dir/CheckFunctionExists.c.o   -c /usr/share/cmake-3.5/Modules/CheckFunctionExists.c
Linking C executable cmTC_6b15e
/usr/bin/cmake -E cmake_link_script CMakeFiles/cmTC_6b15e.dir/link.txt --verbose=1
/usr/bin/cc   -DCHECK_FUNCTION_EXISTS=pthread_create    CMakeFiles/cmTC_6b15e.dir/CheckFunctionExists.c.o  -o cmTC_6b15e -rdynamic -lpthreads 
/usr/bin/ld: cannot find -lpthreads
collect2: error: ld returned 1 exit status
CMakeFiles/cmTC_6b15e.dir/build.make:97: recipe for target 'cmTC_6b15e' failed
make[1]: *** [cmTC_6b15e] Error 1
make[1]: Leaving directory '/home/servidor/turtlebot-vision/vision_ws/build/CMakeFiles/CMakeTmp'
Makefile:126: recipe for target 'cmTC_6b15e/fast' failed
make: *** [cmTC_6b15e/fast] Error 2


